"D:/Unreal/Unreal_Projects/Cube/Content/Levels/NewMap1_BuiltData.uasset" 0
"D:/Unreal/Unreal_Projects/Cube/Content/Levels/NewMap1_BuiltData.uexp" 1
"D:/Unreal/Unreal_Projects/Cube/Content/Levels/NewMap1_BuiltData.ubulk" 2
"D:/Unreal/Unreal_Projects/Cube/Content/Levels/NewMap_BuiltData.uasset" 3
"D:/Unreal/Unreal_Projects/Cube/Content/Levels/NewMap_BuiltData.uexp" 4
"D:/Unreal/Unreal_Projects/Cube/Content/Levels/NewMap_BuiltData.ubulk" 5
"D:/Unreal/Unreal_Projects/Cube/Content/Materials/BallMat.uasset" 6
"D:/Unreal/Unreal_Projects/Cube/Content/Materials/BallMat.uexp" 7
"D:/Unreal/Unreal_Projects/Cube/Content/Materials/CubeMat.uasset" 8
"D:/Unreal/Unreal_Projects/Cube/Content/Materials/CubeMat.uexp" 9
"D:/Unreal/Unreal_Projects/Cube/Content/Blueprints/EndLevelWBP.uasset" 10
"D:/Unreal/Unreal_Projects/Cube/Content/Blueprints/EndLevelWBP.uexp" 11
"D:/Unreal/Unreal_Projects/Cube/Content/Blueprints/OrbitalCamera.uasset" 12
"D:/Unreal/Unreal_Projects/Cube/Content/Blueprints/OrbitalCamera.uexp" 13
"D:/Unreal/Unreal_Projects/Cube/Content/Blueprints/OrbitalGameMode.uasset" 14
"D:/Unreal/Unreal_Projects/Cube/Content/Blueprints/OrbitalGameMode.uexp" 15
"D:/Unreal/Unreal_Projects/Cube/Content/Assets/Material.uasset" 16
"D:/Unreal/Unreal_Projects/Cube/Content/Assets/Material.uexp" 17
"D:/Unreal/Unreal_Projects/Cube/Content/Assets/button.uasset" 18
"D:/Unreal/Unreal_Projects/Cube/Content/Assets/button.uexp" 19
"../../../Engine/Content/BasicShapes/BasicShapeMaterial.uasset" 20
"../../../Engine/Content/BasicShapes/BasicShapeMaterial.uexp" 21
"../../../Engine/Content/EngineMaterials/T_Default_Material_Grid_N.uasset" 22
"../../../Engine/Content/EngineMaterials/T_Default_Material_Grid_N.uexp" 23
"../../../Engine/Content/EngineMaterials/T_Default_Material_Grid_N.ubulk" 24
"../../../Engine/Content/EngineMaterials/T_Default_Material_Grid_M.uasset" 25
"../../../Engine/Content/EngineMaterials/T_Default_Material_Grid_M.uexp" 26
"../../../Engine/Content/EngineMaterials/T_Default_Material_Grid_M.ubulk" 27
"../../../Engine/Content/Functions/Engine_MaterialFunctions01/Opacity/CameraDepthFade.uasset" 28
"../../../Engine/Content/Functions/Engine_MaterialFunctions01/Opacity/CameraDepthFade.uexp" 29
"../../../Engine/Content/EngineMaterials/DefaultMaterial.uasset" 30
"../../../Engine/Content/EngineMaterials/DefaultMaterial.uexp" 31
"../../../Engine/Content/BasicShapes/Sphere.uasset" 32
"../../../Engine/Content/BasicShapes/Sphere.uexp" 33
"D:/Unreal/Unreal_Projects/Cube/Content/Blueprints/BallBP.uasset" 34
"D:/Unreal/Unreal_Projects/Cube/Content/Blueprints/BallBP.uexp" 35
"../../../Engine/Content/EditorBlueprintResources/StandardMacros.uasset" 36
"../../../Engine/Content/EditorBlueprintResources/StandardMacros.uexp" 37
"D:/Unreal/Unreal_Projects/Cube/Content/Blueprints/timeBP.uasset" 38
"D:/Unreal/Unreal_Projects/Cube/Content/Blueprints/timeBP.uexp" 39
"D:/Unreal/Unreal_Projects/Cube/Content/Blueprints/timeWBP.uasset" 40
"D:/Unreal/Unreal_Projects/Cube/Content/Blueprints/timeWBP.uexp" 41
"D:/Unreal/Unreal_Projects/Cube/Content/Blueprints/gameOverWBP.uasset" 42
"D:/Unreal/Unreal_Projects/Cube/Content/Blueprints/gameOverWBP.uexp" 43
"D:/Unreal/Unreal_Projects/Cube/Content/Materials/InteractibleMat.uasset" 44
"D:/Unreal/Unreal_Projects/Cube/Content/Materials/InteractibleMat.uexp" 45
"D:/Unreal/Unreal_Projects/Cube/Content/Materials/InteractibleMat1.uasset" 46
"D:/Unreal/Unreal_Projects/Cube/Content/Materials/InteractibleMat1.uexp" 47
"D:/Unreal/Unreal_Projects/Cube/Content/Materials/ObstacleMat.uasset" 48
"D:/Unreal/Unreal_Projects/Cube/Content/Materials/ObstacleMat.uexp" 49
"D:/Unreal/Unreal_Projects/Cube/Content/Materials/XMat.uasset" 50
"D:/Unreal/Unreal_Projects/Cube/Content/Materials/XMat.uexp" 51
"D:/Unreal/Unreal_Projects/Cube/Content/Materials/ZMat.uasset" 52
"D:/Unreal/Unreal_Projects/Cube/Content/Materials/ZMat.uexp" 53
"../../../Engine/Content/EngineMaterials/WorldGridMaterial.uasset" 54
"../../../Engine/Content/EngineMaterials/WorldGridMaterial.uexp" 55
"../../../Engine/Content/BasicShapes/Cube.uasset" 56
"../../../Engine/Content/BasicShapes/Cube.uexp" 57
"../../../Engine/Content/BasicShapes/Plane.uasset" 58
"../../../Engine/Content/BasicShapes/Plane.uexp" 59
"../../../Engine/Content/EngineMeshes/Sphere.uasset" 60
"../../../Engine/Content/EngineMeshes/Sphere.uexp" 61
"D:/Unreal/Unreal_Projects/Cube/Content/Blueprints/LorensoBallBP.uasset" 62
"D:/Unreal/Unreal_Projects/Cube/Content/Blueprints/LorensoBallBP.uexp" 63
"../../../Engine/Content/BasicShapes/Cylinder.uasset" 64
"../../../Engine/Content/BasicShapes/Cylinder.uexp" 65
"D:/Unreal/Unreal_Projects/Cube/Content/Materials/YMat.uasset" 66
"D:/Unreal/Unreal_Projects/Cube/Content/Materials/YMat.uexp" 67
"D:/Unreal/Unreal_Projects/Cube/Content/Blueprints/LorensoCubeBP.uasset" 68
"D:/Unreal/Unreal_Projects/Cube/Content/Blueprints/LorensoCubeBP.uexp" 69
"D:/Unreal/Unreal_Projects/Cube/Content/Blueprints/NewHUD.uasset" 70
"D:/Unreal/Unreal_Projects/Cube/Content/Blueprints/NewHUD.uexp" 71
"D:/Unreal/Unreal_Projects/Cube/Content/Materials/FloorMat.uasset" 72
"D:/Unreal/Unreal_Projects/Cube/Content/Materials/FloorMat.uexp" 73
"D:/Unreal/Unreal_Projects/Cube/Content/Blueprints/CubeBP.uasset" 74
"D:/Unreal/Unreal_Projects/Cube/Content/Blueprints/CubeBP.uexp" 75
"D:/Unreal/Unreal_Projects/Cube/Content/Blueprints/VincentCubeBP1.uasset" 76
"D:/Unreal/Unreal_Projects/Cube/Content/Blueprints/VincentCubeBP1.uexp" 77
"../../../Engine/Content/ArtTools/RenderToTexture/Meshes/S_1_Unit_Plane.uasset" 78
"../../../Engine/Content/ArtTools/RenderToTexture/Meshes/S_1_Unit_Plane.uexp" 79
"../../../Engine/Content/BasicShapes/Cone.uasset" 80
"../../../Engine/Content/BasicShapes/Cone.uexp" 81
"../../../Engine/Content/EditorLandscapeResources/DataLayer.uasset" 82
"../../../Engine/Content/EditorLandscapeResources/DataLayer.uexp" 83
"../../../Engine/Content/EditorLandscapeResources/DefaultAlphaTexture.uasset" 84
"../../../Engine/Content/EditorLandscapeResources/DefaultAlphaTexture.uexp" 85
"../../../Engine/Content/EditorMaterials/MAT_Groups_Toggle.uasset" 86
"../../../Engine/Content/EditorMaterials/MAT_Groups_Toggle.uexp" 87
"../../../Engine/Content/EditorMaterials/MAT_Groups_Visibility.uasset" 88
"../../../Engine/Content/EditorMaterials/MAT_Groups_Visibility.uexp" 89
"../../../Engine/Content/EditorMaterials/PreviewShadowIndicator.uasset" 90
"../../../Engine/Content/EditorMaterials/PreviewShadowIndicator.uexp" 91
"../../../Engine/Content/EditorMaterials/PreviewShadowIndicator.ubulk" 92
"../../../Engine/Content/EditorMaterials/PreviewShadowIndicatorMaterial.uasset" 93
"../../../Engine/Content/EditorMaterials/PreviewShadowIndicatorMaterial.uexp" 94
"../../../Engine/Content/EditorMaterials/AssetViewer/EpicQuadPanorama_CC+EV1.uasset" 95
"../../../Engine/Content/EditorMaterials/AssetViewer/EpicQuadPanorama_CC+EV1.uexp" 96
"../../../Engine/Content/EditorMaterials/MatineeGroups/MAT_ColorTrack.uasset" 97
"../../../Engine/Content/EditorMaterials/MatineeGroups/MAT_ColorTrack.uexp" 98
"../../../Engine/Content/EditorMaterials/MatineeGroups/MAT_Groups_Anim.uasset" 99
"../../../Engine/Content/EditorMaterials/MatineeGroups/MAT_Groups_Anim.uexp" 100
"../../../Engine/Content/EditorMaterials/MatineeGroups/MAT_Groups_AudioMaster.uasset" 101
"../../../Engine/Content/EditorMaterials/MatineeGroups/MAT_Groups_AudioMaster.uexp" 102
"../../../Engine/Content/EditorMaterials/MatineeGroups/MAT_Groups_Director.uasset" 103
"../../../Engine/Content/EditorMaterials/MatineeGroups/MAT_Groups_Director.uexp" 104
"../../../Engine/Content/EditorMaterials/MatineeGroups/MAT_Groups_Event.uasset" 105
"../../../Engine/Content/EditorMaterials/MatineeGroups/MAT_Groups_Event.uexp" 106
"../../../Engine/Content/EditorMaterials/MatineeGroups/MAT_Groups_Fade.uasset" 107
"../../../Engine/Content/EditorMaterials/MatineeGroups/MAT_Groups_Fade.uexp" 108
"../../../Engine/Content/EditorMaterials/MatineeGroups/MAT_Groups_Float.uasset" 109
"../../../Engine/Content/EditorMaterials/MatineeGroups/MAT_Groups_Float.uexp" 110
"../../../Engine/Content/EditorMaterials/MatineeGroups/MAT_Groups_Move.uasset" 111
"../../../Engine/Content/EditorMaterials/MatineeGroups/MAT_Groups_Move.uexp" 112
"../../../Engine/Content/EditorMaterials/MatineeGroups/MAT_Groups_Slomo.uasset" 113
"../../../Engine/Content/EditorMaterials/MatineeGroups/MAT_Groups_Slomo.uexp" 114
"../../../Engine/Content/EditorMaterials/MatineeGroups/MAT_Groups_Sound.uasset" 115
"../../../Engine/Content/EditorMaterials/MatineeGroups/MAT_Groups_Sound.uexp" 116
"../../../Engine/Content/EditorMaterials/MatineeGroups/MAT_Groups_Vector.uasset" 117
"../../../Engine/Content/EditorMaterials/MatineeGroups/MAT_Groups_Vector.uexp" 118
"../../../Engine/Content/EditorMaterials/ParticleSystems/PSysThumbnail_NoImage.uasset" 119
"../../../Engine/Content/EditorMaterials/ParticleSystems/PSysThumbnail_NoImage.uexp" 120
"../../../Engine/Content/EditorMaterials/ParticleSystems/PSysThumbnail_NoImage.ubulk" 121
"../../../Engine/Content/EditorMaterials/ParticleSystems/PSysThumbnail_OOD.uasset" 122
"../../../Engine/Content/EditorMaterials/ParticleSystems/PSysThumbnail_OOD.uexp" 123
"../../../Engine/Content/EditorMaterials/ParticleSystems/PSysThumbnail_OOD.ubulk" 124
"../../../Engine/Content/EditorMaterials/Camera/CineMat.uasset" 125
"../../../Engine/Content/EditorMaterials/Camera/CineMat.uexp" 126
"../../../Engine/Content/EditorMaterials/Camera/MI_CineMat_Rig.uasset" 127
"../../../Engine/Content/EditorMaterials/Camera/MI_CineMat_Rig.uexp" 128
"../../../Engine/Content/EditorMeshes/Camera/SM_CraneRig_Arm.uasset" 129
"../../../Engine/Content/EditorMeshes/Camera/SM_CraneRig_Arm.uexp" 130
"../../../Engine/Content/EditorMeshes/Camera/SM_CraneRig_Base.uasset" 131
"../../../Engine/Content/EditorMeshes/Camera/SM_CraneRig_Base.uexp" 132
"../../../Engine/Content/EditorMeshes/Camera/SM_CraneRig_Body.uasset" 133
"../../../Engine/Content/EditorMeshes/Camera/SM_CraneRig_Body.uexp" 134
"../../../Engine/Content/EditorMeshes/Camera/SM_CraneRig_Mount.uasset" 135
"../../../Engine/Content/EditorMeshes/Camera/SM_CraneRig_Mount.uexp" 136
"../../../Engine/Content/EditorMeshes/Camera/SM_RailRig_Mount.uasset" 137
"../../../Engine/Content/EditorMeshes/Camera/SM_RailRig_Mount.uexp" 138
"../../../Engine/Content/EditorMeshes/Camera/SM_RailRig_Track.uasset" 139
"../../../Engine/Content/EditorMeshes/Camera/SM_RailRig_Track.uexp" 140
"../../../Engine/Content/EditorResources/BSPVertex.uasset" 141
"../../../Engine/Content/EditorResources/BSPVertex.uexp" 142
"../../../Engine/Content/EditorResources/EmptyActor.uasset" 143
"../../../Engine/Content/EditorResources/EmptyActor.uexp" 144
"../../../Engine/Content/EditorResources/S_Actor.uasset" 145
"../../../Engine/Content/EditorResources/S_Actor.uexp" 146
"../../../Engine/Content/EditorResources/S_Actor.ubulk" 147
"../../../Engine/Content/EditorResources/S_Note.uasset" 148
"../../../Engine/Content/EditorResources/S_Note.uexp" 149
"../../../Engine/Content/EditorResources/S_Note.ubulk" 150
"../../../Engine/Content/EditorResources/S_Solver.uasset" 151
"../../../Engine/Content/EditorResources/S_Solver.uexp" 152
"../../../Engine/Content/EditorResources/S_Solver.ubulk" 153
"../../../Engine/Content/EditorResources/S_Terrain.uasset" 154
"../../../Engine/Content/EditorResources/S_Terrain.uexp" 155
"../../../Engine/Content/EditorResources/S_Terrain.ubulk" 156
"../../../Engine/Content/EditorResources/S_Trigger.uasset" 157
"../../../Engine/Content/EditorResources/S_Trigger.uexp" 158
"../../../Engine/Content/EditorResources/S_Trigger.ubulk" 159
"../../../Engine/Content/EditorResources/LightIcons/S_LightError.uasset" 160
"../../../Engine/Content/EditorResources/LightIcons/S_LightError.uexp" 161
"../../../Engine/Content/EditorResources/SequenceRecorder/Countdown.uasset" 162
"../../../Engine/Content/EditorResources/SequenceRecorder/Countdown.uexp" 163
"../../../Engine/Content/EditorResources/SequenceRecorder/RecordingIndicator.uasset" 164
"../../../Engine/Content/EditorResources/SequenceRecorder/RecordingIndicator.uexp" 165
"../../../Engine/Content/EngineDamageTypes/DmgTypeBP_Environmental.uasset" 166
"../../../Engine/Content/EngineDamageTypes/DmgTypeBP_Environmental.uexp" 167
"../../../Engine/Content/EngineDebugMaterials/DebugEditorMaterial.uasset" 168
"../../../Engine/Content/EngineDebugMaterials/DebugEditorMaterial.uexp" 169
"../../../Engine/Content/EngineDebugMaterials/DebugMeshMaterial.uasset" 170
"../../../Engine/Content/EngineDebugMaterials/DebugMeshMaterial.uexp" 171
"../../../Engine/Content/EngineDebugMaterials/M_SimpleUnlitTranslucent.uasset" 172
"../../../Engine/Content/EngineDebugMaterials/M_SimpleUnlitTranslucent.uexp" 173
"../../../Engine/Content/EngineDebugMaterials/VolumeToRender.uasset" 174
"../../../Engine/Content/EngineDebugMaterials/VolumeToRender.uexp" 175
"../../../Engine/Content/Functions/Engine_MaterialFunctions02/Utility/CameraDirectionVector.uasset" 176
"../../../Engine/Content/Functions/Engine_MaterialFunctions02/Utility/CameraDirectionVector.uexp" 177
"../../../Engine/Content/EngineDebugMaterials/M_VolumeRenderSphereTracePP.uasset" 178
"../../../Engine/Content/EngineDebugMaterials/M_VolumeRenderSphereTracePP.uexp" 179
"../../../Engine/Content/Functions/Engine_MaterialFunctions01/Shading/ConvertFromDiffSpec.uasset" 180
"../../../Engine/Content/Functions/Engine_MaterialFunctions01/Shading/ConvertFromDiffSpec.uexp" 181
"../../../Engine/Content/EngineDebugMaterials/VertexColorMaterial.uasset" 182
"../../../Engine/Content/EngineDebugMaterials/VertexColorMaterial.uexp" 183
"../../../Engine/Content/EngineDebugMaterials/WireframeMaterial.uasset" 184
"../../../Engine/Content/EngineDebugMaterials/WireframeMaterial.uexp" 185
"../../../Engine/Content/EngineFonts/Faces/RobotoRegular.uasset" 186
"../../../Engine/Content/EngineFonts/Faces/RobotoRegular.uexp" 187
"../../../Engine/Content/EngineFonts/Faces/RobotoRegular.ufont" 188
"../../../Engine/Content/EngineFonts/Faces/RobotoLight.uasset" 189
"../../../Engine/Content/EngineFonts/Faces/RobotoLight.uexp" 190
"../../../Engine/Content/EngineFonts/Faces/RobotoLight.ufont" 191
"../../../Engine/Content/EngineFonts/Faces/RobotoItalic.uasset" 192
"../../../Engine/Content/EngineFonts/Faces/RobotoItalic.uexp" 193
"../../../Engine/Content/EngineFonts/Faces/RobotoItalic.ufont" 194
"../../../Engine/Content/EngineFonts/Faces/RobotoBoldItalic.uasset" 195
"../../../Engine/Content/EngineFonts/Faces/RobotoBoldItalic.uexp" 196
"../../../Engine/Content/EngineFonts/Faces/RobotoBoldItalic.ufont" 197
"../../../Engine/Content/EngineFonts/Faces/RobotoBold.uasset" 198
"../../../Engine/Content/EngineFonts/Faces/RobotoBold.uexp" 199
"../../../Engine/Content/EngineFonts/Faces/RobotoBold.ufont" 200
"../../../Engine/Content/EngineFonts/Faces/DroidSansFallback.uasset" 201
"../../../Engine/Content/EngineFonts/Faces/DroidSansFallback.uexp" 202
"../../../Engine/Content/EngineFonts/Faces/DroidSansFallback.ufont" 203
"../../../Engine/Content/EngineFonts/Roboto.uasset" 204
"../../../Engine/Content/EngineFonts/Roboto.uexp" 205
"../../../Engine/Content/EngineMaterials/BaseFlattenNormalMap.uasset" 206
"../../../Engine/Content/EngineMaterials/BaseFlattenNormalMap.uexp" 207
"../../../Engine/Content/EngineMaterials/BaseFlattenGrayscaleMap.uasset" 208
"../../../Engine/Content/EngineMaterials/BaseFlattenGrayscaleMap.uexp" 209
"../../../Engine/Content/EngineMaterials/BaseFlattenEmissiveMap.uasset" 210
"../../../Engine/Content/EngineMaterials/BaseFlattenEmissiveMap.uexp" 211
"../../../Engine/Content/EngineMaterials/BaseFlattenDiffuseMap.uasset" 212
"../../../Engine/Content/EngineMaterials/BaseFlattenDiffuseMap.uexp" 213
"../../../Engine/Content/EngineMaterials/BaseFlattenMaterial.uasset" 214
"../../../Engine/Content/EngineMaterials/BaseFlattenMaterial.uexp" 215
"../../../Engine/Content/EngineMaterials/BlueNoise.uasset" 216
"../../../Engine/Content/EngineMaterials/BlueNoise.uexp" 217
"../../../Engine/Content/EngineMaterials/DefaultBloomKernel.uasset" 218
"../../../Engine/Content/EngineMaterials/DefaultBloomKernel.uexp" 219
"../../../Engine/Content/EngineMaterials/DefaultBokeh.uasset" 220
"../../../Engine/Content/EngineMaterials/DefaultBokeh.uexp" 221
"../../../Engine/Content/EngineMaterials/DefaultDiffuse.uasset" 222
"../../../Engine/Content/EngineMaterials/DefaultDiffuse.uexp" 223
"../../../Engine/Content/EngineMaterials/DefaultDiffuse.ubulk" 224
"../../../Engine/Content/EngineMaterials/DefaultDeferredDecalMaterial.uasset" 225
"../../../Engine/Content/EngineMaterials/DefaultDeferredDecalMaterial.uexp" 226
"../../../Engine/Content/EngineMaterials/DefaultLightFunctionMaterial.uasset" 227
"../../../Engine/Content/EngineMaterials/DefaultLightFunctionMaterial.uexp" 228
"../../../Engine/Content/EngineMaterials/DefaultPhysicalMaterial.uasset" 229
"../../../Engine/Content/EngineMaterials/DefaultPhysicalMaterial.uexp" 230
"../../../Engine/Content/Functions/Engine_MaterialFunctions02/Utility/BreakOutFloat2Components.uasset" 231
"../../../Engine/Content/Functions/Engine_MaterialFunctions02/Utility/BreakOutFloat2Components.uexp" 232
"../../../Engine/Content/EngineMaterials/DefaultPostProcessMaterial.uasset" 233
"../../../Engine/Content/EngineMaterials/DefaultPostProcessMaterial.uexp" 234
"../../../Engine/Content/EngineFonts/RobotoDistanceField.uasset" 235
"../../../Engine/Content/EngineFonts/RobotoDistanceField.uexp" 236
"../../../Engine/Content/EngineMaterials/DefaultTextMaterialOpaque.uasset" 237
"../../../Engine/Content/EngineMaterials/DefaultTextMaterialOpaque.uexp" 238
"../../../Engine/Content/EngineMaterials/DefaultWhiteGrid.uasset" 239
"../../../Engine/Content/EngineMaterials/DefaultWhiteGrid.uexp" 240
"../../../Engine/Content/EngineMaterials/DefaultWhiteGrid.ubulk" 241
"../../../Engine/Content/EngineMaterials/DefaultWhiteGrid_Low.uasset" 242
"../../../Engine/Content/EngineMaterials/DefaultWhiteGrid_Low.uexp" 243
"../../../Engine/Content/EngineMaterials/EmissiveMeshMaterial.uasset" 244
"../../../Engine/Content/EngineMaterials/EmissiveMeshMaterial.uexp" 245
"../../../Engine/Content/EngineMaterials/GizmoMaterial.uasset" 246
"../../../Engine/Content/EngineMaterials/GizmoMaterial.uexp" 247
"../../../Engine/Content/EngineMaterials/Good64x64TilingNoiseHighFreq.uasset" 248
"../../../Engine/Content/EngineMaterials/Good64x64TilingNoiseHighFreq.uexp" 249
"../../../Engine/Content/EngineMaterials/MiniFont.uasset" 250
"../../../Engine/Content/EngineMaterials/MiniFont.uexp" 251
"../../../Engine/Content/EngineMaterials/InvalidLightmapSettings.uasset" 252
"../../../Engine/Content/EngineMaterials/InvalidLightmapSettings.uexp" 253
"../../../Engine/Content/EngineMaterials/InvalidLightmapSettings.ubulk" 254
"../../../Engine/Content/EngineMaterials/M_InvalidLightmapSettings.uasset" 255
"../../../Engine/Content/EngineMaterials/M_InvalidLightmapSettings.uexp" 256
"../../../Engine/Content/Functions/Engine_MaterialFunctions02/WorldPositionOffset/CameraOffset.uasset" 257
"../../../Engine/Content/Functions/Engine_MaterialFunctions02/WorldPositionOffset/CameraOffset.uexp" 258
"../../../Engine/Content/EngineMaterials/PhAT_JointLimitMaterial.uasset" 259
"../../../Engine/Content/EngineMaterials/PhAT_JointLimitMaterial.uexp" 260
"../../../Engine/Content/EngineMaterials/DefaultCalibrationColor.uasset" 261
"../../../Engine/Content/EngineMaterials/DefaultCalibrationColor.uexp" 262
"../../../Engine/Content/EngineMaterials/PPM_DefaultCalibrationColor.uasset" 263
"../../../Engine/Content/EngineMaterials/PPM_DefaultCalibrationColor.uexp" 264
"../../../Engine/Content/EngineMaterials/DefaultCalibrationGrayscale.uasset" 265
"../../../Engine/Content/EngineMaterials/DefaultCalibrationGrayscale.uexp" 266
"../../../Engine/Content/EngineMaterials/PPM_DefaultCalibrationGrayscale.uasset" 267
"../../../Engine/Content/EngineMaterials/PPM_DefaultCalibrationGrayscale.uexp" 268
"../../../Engine/Content/EngineMaterials/PreintegratedSkinBRDF.uasset" 269
"../../../Engine/Content/EngineMaterials/PreintegratedSkinBRDF.uexp" 270
"../../../Engine/Content/EngineMaterials/RemoveSurfaceMaterial.uasset" 271
"../../../Engine/Content/EngineMaterials/RemoveSurfaceMaterial.uexp" 272
"../../../Engine/Content/EngineMaterials/WeightMapPlaceholderTexture.uasset" 273
"../../../Engine/Content/EngineMaterials/WeightMapPlaceholderTexture.uexp" 274
"../../../Engine/Content/EngineResources/WhiteSquareTexture.uasset" 275
"../../../Engine/Content/EngineResources/WhiteSquareTexture.uexp" 276
"../../../Engine/Content/EngineMaterials/Widget3DPassThrough.uasset" 277
"../../../Engine/Content/EngineMaterials/Widget3DPassThrough.uexp" 278
"../../../Engine/Content/EngineMaterials/Widget3DPassThrough_Masked.uasset" 279
"../../../Engine/Content/EngineMaterials/Widget3DPassThrough_Masked.uexp" 280
"../../../Engine/Content/EngineMaterials/Widget3DPassThrough_Opaque.uasset" 281
"../../../Engine/Content/EngineMaterials/Widget3DPassThrough_Opaque.uexp" 282
"../../../Engine/Content/EngineMaterials/Widget3DPassThrough_Masked_OneSided.uasset" 283
"../../../Engine/Content/EngineMaterials/Widget3DPassThrough_Masked_OneSided.uexp" 284
"../../../Engine/Content/EngineMaterials/Widget3DPassThrough_Opaque_OneSided.uasset" 285
"../../../Engine/Content/EngineMaterials/Widget3DPassThrough_Opaque_OneSided.uexp" 286
"../../../Engine/Content/EngineMaterials/Widget3DPassThrough_Translucent.uasset" 287
"../../../Engine/Content/EngineMaterials/Widget3DPassThrough_Translucent.uexp" 288
"../../../Engine/Content/EngineMaterials/Widget3DPassThrough_Translucent_OneSided.uasset" 289
"../../../Engine/Content/EngineMaterials/Widget3DPassThrough_Translucent_OneSided.uexp" 290
"../../../Engine/Content/EngineMeshes/Cylinder.uasset" 291
"../../../Engine/Content/EngineMeshes/Cylinder.uexp" 292
"../../../Engine/Content/EngineResources/DefaultTextureCube.uasset" 293
"../../../Engine/Content/EngineResources/DefaultTextureCube.uexp" 294
"../../../Engine/Content/EngineResources/DefaultVolumeTexture2D.uasset" 295
"../../../Engine/Content/EngineResources/DefaultVolumeTexture2D.uexp" 296
"../../../Engine/Content/EngineResources/DefaultVolumeTexture.uasset" 297
"../../../Engine/Content/EngineResources/DefaultVolumeTexture.uexp" 298
"../../../Engine/Content/EngineResources/GradientTexture0.uasset" 299
"../../../Engine/Content/EngineResources/GradientTexture0.uexp" 300
"../../../Engine/Content/EngineSky/VolumetricClouds/T_NoiseShape64.uasset" 301
"../../../Engine/Content/EngineSky/VolumetricClouds/T_NoiseShape64.uexp" 302
"../../../Engine/Content/EngineSky/VolumetricClouds/T_NoiseShape64.ubulk" 303
"../../../Engine/Content/EngineSky/VolumetricClouds/T_VolumeNoiseShape64.uasset" 304
"../../../Engine/Content/EngineSky/VolumetricClouds/T_VolumeNoiseShape64.uexp" 305
"../../../Engine/Content/EngineSky/VolumetricClouds/T_NoiseErosion.uasset" 306
"../../../Engine/Content/EngineSky/VolumetricClouds/T_NoiseErosion.uexp" 307
"../../../Engine/Content/EngineSky/VolumetricClouds/T_NoiseErosion.ubulk" 308
"../../../Engine/Content/EngineSky/VolumetricClouds/T_VolumeNoiseErosion32.uasset" 309
"../../../Engine/Content/EngineSky/VolumetricClouds/T_VolumeNoiseErosion32.uexp" 310
"../../../Engine/Content/EngineSky/VolumetricClouds/CloudWeatherTexture.uasset" 311
"../../../Engine/Content/EngineSky/VolumetricClouds/CloudWeatherTexture.uexp" 312
"../../../Engine/Content/EngineSky/VolumetricClouds/CloudGradientTexture.uasset" 313
"../../../Engine/Content/EngineSky/VolumetricClouds/CloudGradientTexture.uexp" 314
"../../../Engine/Content/Functions/Engine_MaterialFunctions02/Utility/MakeFloat2.uasset" 315
"../../../Engine/Content/Functions/Engine_MaterialFunctions02/Utility/MakeFloat2.uexp" 316
"../../../Engine/Content/EngineSky/VolumetricClouds/m_SimpleVolumetricCloud.uasset" 317
"../../../Engine/Content/EngineSky/VolumetricClouds/m_SimpleVolumetricCloud.uexp" 318
"../../../Engine/Content/EngineSky/VolumetricClouds/m_SimpleVolumetricCloud_Inst.uasset" 319
"../../../Engine/Content/EngineSky/VolumetricClouds/m_SimpleVolumetricCloud_Inst.uexp" 320
"../../../Engine/Content/EngineSounds/Master.uasset" 321
"../../../Engine/Content/EngineSounds/Master.uexp" 322
"../../../Engine/Content/Functions/Engine_MaterialFunctions01/Shading/PowerToRoughness.uasset" 323
"../../../Engine/Content/Functions/Engine_MaterialFunctions01/Shading/PowerToRoughness.uexp" 324
"../../../Engine/Content/Maps/Templates/Thumbnails/Default.uasset" 325
"../../../Engine/Content/Maps/Templates/Thumbnails/Default.uexp" 326
"../../../Engine/Content/Maps/Templates/Thumbnails/TimeOfDay.uasset" 327
"../../../Engine/Content/Maps/Templates/Thumbnails/TimeOfDay.uexp" 328
"../../../Engine/Content/Maps/Templates/Thumbnails/VR-Basic.uasset" 329
"../../../Engine/Content/Maps/Templates/Thumbnails/VR-Basic.uexp" 330
"../../../Engine/Content/MobileResources/T_MobileControls_texture.uasset" 331
"../../../Engine/Content/MobileResources/T_MobileControls_texture.uexp" 332
"../../../Engine/Content/MobileResources/T_MobileMenu2.uasset" 333
"../../../Engine/Content/MobileResources/T_MobileMenu2.uexp" 334
"../../../Engine/Content/MobileResources/HUD/AnalogHat.uasset" 335
"../../../Engine/Content/MobileResources/HUD/AnalogHat.uexp" 336
"../../../Engine/Content/MobileResources/HUD/VirtualJoystick_Thumb.uasset" 337
"../../../Engine/Content/MobileResources/HUD/VirtualJoystick_Thumb.uexp" 338
"../../../Engine/Content/MobileResources/HUD/VirtualJoystick_Background.uasset" 339
"../../../Engine/Content/MobileResources/HUD/VirtualJoystick_Background.uexp" 340
"../../../Engine/Content/MobileResources/HUD/DefaultVirtualJoysticks.uasset" 341
"../../../Engine/Content/MobileResources/HUD/DefaultVirtualJoysticks.uexp" 342
"../../../Engine/Content/MobileResources/HUD/LeftVirtualJoystickOnly.uasset" 343
"../../../Engine/Content/MobileResources/HUD/LeftVirtualJoystickOnly.uexp" 344
"../../../Engine/Content/MobileResources/HUD/MobileHUDButton1_off.uasset" 345
"../../../Engine/Content/MobileResources/HUD/MobileHUDButton1_off.uexp" 346
"../../../Engine/Content/MobileResources/HUD/MobileHUDButton1_on.uasset" 347
"../../../Engine/Content/MobileResources/HUD/MobileHUDButton1_on.uexp" 348
"../../../Engine/Content/MobileResources/HUD/MobileHUDButton2_off.uasset" 349
"../../../Engine/Content/MobileResources/HUD/MobileHUDButton2_off.uexp" 350
"../../../Engine/Content/MobileResources/HUD/MobileHUDButton2_on.uasset" 351
"../../../Engine/Content/MobileResources/HUD/MobileHUDButton2_on.uexp" 352
"../../../Engine/Content/MobileResources/HUD/MobileHUDButton3.uasset" 353
"../../../Engine/Content/MobileResources/HUD/MobileHUDButton3.uexp" 354
"../../../Engine/Content/MobileResources/HUD/MobileHUDButtonFire.uasset" 355
"../../../Engine/Content/MobileResources/HUD/MobileHUDButtonFire.uexp" 356
"../../../Engine/Content/MobileResources/HUD/MobileHUDDirectionPad.uasset" 357
"../../../Engine/Content/MobileResources/HUD/MobileHUDDirectionPad.uexp" 358
"../../../Engine/Content/MobileResources/HUD/MobileHUDDirectionPad2.uasset" 359
"../../../Engine/Content/MobileResources/HUD/MobileHUDDirectionPad2.uexp" 360
"../../../Engine/Content/MobileResources/HUD/MobileHUDDirectionPad3.uasset" 361
"../../../Engine/Content/MobileResources/HUD/MobileHUDDirectionPad3.uexp" 362
"../../../Engine/Content/MobileResources/HUD/MobileHUDDirectionStick.uasset" 363
"../../../Engine/Content/MobileResources/HUD/MobileHUDDirectionStick.uexp" 364
"../../../Engine/Content/MobileResources/HUD/T_Castle_ThumbstickInner.uasset" 365
"../../../Engine/Content/MobileResources/HUD/T_Castle_ThumbstickInner.uexp" 366
"../../../Engine/Content/MobileResources/HUD/T_Castle_ThumbstickOutter.uasset" 367
"../../../Engine/Content/MobileResources/HUD/T_Castle_ThumbstickOutter.uexp" 368
"../../../Engine/Content/Tutorial/ContentIntroCurve.uasset" 369
"../../../Engine/Content/Tutorial/ContentIntroCurve.uexp" 370
"../../../Engine/Content/VREditor/TransformGizmo/TranslucentTransformGizmoMaterial.uasset" 371
"../../../Engine/Content/VREditor/TransformGizmo/TranslucentTransformGizmoMaterial.uexp" 372
"../../../Engine/Content/VREditor/LaserPointer/VR_LaserPower_01.uasset" 373
"../../../Engine/Content/VREditor/LaserPointer/VR_LaserPower_01.uexp" 374
"../../../Engine/Content/VREditor/LaserPointer/VR_LaserPower_01.ubulk" 375
"../../../Engine/Content/VREditor/TransformGizmo/TransformGizmoMaterial.uasset" 376
"../../../Engine/Content/VREditor/TransformGizmo/TransformGizmoMaterial.uexp" 377
"../../../Engine/Content/VREditor/TransformGizmo/BoundingBoxCorner.uasset" 378
"../../../Engine/Content/VREditor/TransformGizmo/BoundingBoxCorner.uexp" 379
"../../../Engine/Content/VREditor/TransformGizmo/BoundingBoxEdge.uasset" 380
"../../../Engine/Content/VREditor/TransformGizmo/BoundingBoxEdge.uexp" 381
"../../../Engine/Content/VREditor/TransformGizmo/PlaneTranslationHandle.uasset" 382
"../../../Engine/Content/VREditor/TransformGizmo/PlaneTranslationHandle.uexp" 383
"../../../Engine/Content/VREditor/TransformGizmo/Xray.uasset" 384
"../../../Engine/Content/VREditor/TransformGizmo/Xray.uexp" 385
"../../../Engine/Content/VREditor/TransformGizmo/Main.uasset" 386
"../../../Engine/Content/VREditor/TransformGizmo/Main.uexp" 387
"../../../Engine/Content/VREditor/TransformGizmo/SM_Sequencer_Key.uasset" 388
"../../../Engine/Content/VREditor/TransformGizmo/SM_Sequencer_Key.uexp" 389
"../../../Engine/Content/VREditor/TransformGizmo/SM_Sequencer_Node.uasset" 390
"../../../Engine/Content/VREditor/TransformGizmo/SM_Sequencer_Node.uexp" 391
"../../../Engine/Plugins/2D/Paper2D/Content/PlaceholderTextures/DummySpriteTexture.uasset" 392
"../../../Engine/Plugins/2D/Paper2D/Content/PlaceholderTextures/DummySpriteTexture.uexp" 393
"../../../Engine/Plugins/2D/Paper2D/Content/PlaceholderTextures/DummySpriteTexture.ubulk" 394
"../../../Engine/Plugins/2D/Paper2D/Content/DummySprite.uasset" 395
"../../../Engine/Plugins/2D/Paper2D/Content/DummySprite.uexp" 396
"../../../Engine/Plugins/2D/Paper2D/Content/DefaultPaperTerrainMaterial.uasset" 397
"../../../Engine/Plugins/2D/Paper2D/Content/DefaultPaperTerrainMaterial.uexp" 398
"../../../Engine/Plugins/2D/Paper2D/Content/DefaultSpriteMaterial.uasset" 399
"../../../Engine/Plugins/2D/Paper2D/Content/DefaultSpriteMaterial.uexp" 400
"../../../Engine/Plugins/2D/Paper2D/Content/MaskedUnlitSpriteMaterial.uasset" 401
"../../../Engine/Plugins/2D/Paper2D/Content/MaskedUnlitSpriteMaterial.uexp" 402
"../../../Engine/Plugins/2D/Paper2D/Content/OpaqueUnlitSpriteMaterial.uasset" 403
"../../../Engine/Plugins/2D/Paper2D/Content/OpaqueUnlitSpriteMaterial.uexp" 404
"../../../Engine/Content/Functions/Engine_MaterialFunctions02/Utility/VectorLength.uasset" 405
"../../../Engine/Content/Functions/Engine_MaterialFunctions02/Utility/VectorLength.uexp" 406
"../../../Engine/Content/Functions/Engine_MaterialFunctions02/ObjectLocalBounds.uasset" 407
"../../../Engine/Content/Functions/Engine_MaterialFunctions02/ObjectLocalBounds.uexp" 408
"../../../Engine/Content/Functions/Engine_MaterialFunctions02/WorldPositionOffset/ObjectScale.uasset" 409
"../../../Engine/Content/Functions/Engine_MaterialFunctions02/WorldPositionOffset/ObjectScale.uexp" 410
"../../../Engine/Content/Functions/Engine_MaterialFunctions02/Utility/BreakOutFloat3Components.uasset" 411
"../../../Engine/Content/Functions/Engine_MaterialFunctions02/Utility/BreakOutFloat3Components.uexp" 412
"../../../Engine/Plugins/Editor/SpeedTreeImporter/Content/SpeedTree9/UnpackInteger3.uasset" 413
"../../../Engine/Plugins/Editor/SpeedTreeImporter/Content/SpeedTree9/UnpackInteger3.uexp" 414
"../../../Engine/Plugins/Editor/SpeedTreeImporter/Content/SpeedTree9/UnpackDirection.uasset" 415
"../../../Engine/Plugins/Editor/SpeedTreeImporter/Content/SpeedTree9/UnpackDirection.uexp" 416
"../../../Engine/Plugins/Editor/SpeedTreeImporter/Content/SpeedTree9/game_wind_noise.uasset" 417
"../../../Engine/Plugins/Editor/SpeedTreeImporter/Content/SpeedTree9/game_wind_noise.uexp" 418
"../../../Engine/Plugins/Editor/SpeedTreeImporter/Content/SpeedTree9/game_wind_noise.ubulk" 419
"../../../Engine/Content/Functions/Engine_MaterialFunctions02/SafeNormalize.uasset" 420
"../../../Engine/Content/Functions/Engine_MaterialFunctions02/SafeNormalize.uexp" 421
"../../../Engine/Plugins/Editor/SpeedTreeImporter/Content/SpeedTree9/SpeedTreeWindMotion.uasset" 422
"../../../Engine/Plugins/Editor/SpeedTreeImporter/Content/SpeedTree9/SpeedTreeWindMotion.uexp" 423
"../../../Engine/Plugins/Editor/SpeedTreeImporter/Content/SpeedTree9/SpeedTreeBranchMotion.uasset" 424
"../../../Engine/Plugins/Editor/SpeedTreeImporter/Content/SpeedTree9/SpeedTreeBranchMotion.uexp" 425
"../../../Engine/Content/Functions/Engine_MaterialFunctions02/UVs/BoundingBoxBased_0-1_UVW.uasset" 426
"../../../Engine/Content/Functions/Engine_MaterialFunctions02/UVs/BoundingBoxBased_0-1_UVW.uexp" 427
"../../../Engine/Plugins/Editor/SpeedTreeImporter/Content/SpeedTree9/SpeedTreeWind.uasset" 428
"../../../Engine/Plugins/Editor/SpeedTreeImporter/Content/SpeedTree9/SpeedTreeWind.uexp" 429
"../../../Engine/Plugins/Editor/SpeedTreeImporter/Content/SpeedTree9/SpeedTreeBillboard.uasset" 430
"../../../Engine/Plugins/Editor/SpeedTreeImporter/Content/SpeedTree9/SpeedTreeBillboard.uexp" 431
"../../../Engine/Plugins/Editor/SpeedTreeImporter/Content/SpeedTree9/EmptyNormal.uasset" 432
"../../../Engine/Plugins/Editor/SpeedTreeImporter/Content/SpeedTree9/EmptyNormal.uexp" 433
"../../../Engine/Plugins/Editor/SpeedTreeImporter/Content/SpeedTree9/Empty.uasset" 434
"../../../Engine/Plugins/Editor/SpeedTreeImporter/Content/SpeedTree9/Empty.uexp" 435
"../../../Engine/Plugins/Editor/SpeedTreeImporter/Content/SpeedTree9/SpeedTreeBillboardMaster.uasset" 436
"../../../Engine/Plugins/Editor/SpeedTreeImporter/Content/SpeedTree9/SpeedTreeBillboardMaster.uexp" 437
"../../../Engine/Plugins/Editor/SpeedTreeImporter/Content/SpeedTree9/SpeedTreeCameraFacing.uasset" 438
"../../../Engine/Plugins/Editor/SpeedTreeImporter/Content/SpeedTree9/SpeedTreeCameraFacing.uexp" 439
"../../../Engine/Plugins/Editor/SpeedTreeImporter/Content/SpeedTree9/SpeedTreeMaster.uasset" 440
"../../../Engine/Plugins/Editor/SpeedTreeImporter/Content/SpeedTree9/SpeedTreeMaster.uexp" 441
"../../../Engine/Content/ArtTools/RenderToTexture/Materials/Debug/M_Emissive_Color.uasset" 442
"../../../Engine/Content/ArtTools/RenderToTexture/Materials/Debug/M_Emissive_Color.uexp" 443
"../../../Engine/Plugins/Lumin/MagicLeapPassableWorld/Content/MagicLeapARPinInfoActor.uasset" 444
"../../../Engine/Plugins/Lumin/MagicLeapPassableWorld/Content/MagicLeapARPinInfoActor.uexp" 445
"../../../Engine/Plugins/Runtime/OpenXR/Content/Devices/GoogleDaydream/MRTexture.uasset" 446
"../../../Engine/Plugins/Runtime/OpenXR/Content/Devices/GoogleDaydream/MRTexture.uexp" 447
"../../../Engine/Plugins/Runtime/OpenXR/Content/Devices/GoogleDaydream/MRTexture.ubulk" 448
"../../../Engine/Plugins/Runtime/OpenXR/Content/Devices/GoogleDaydream/BaseTexture.uasset" 449
"../../../Engine/Plugins/Runtime/OpenXR/Content/Devices/GoogleDaydream/BaseTexture.uexp" 450
"../../../Engine/Plugins/Runtime/OpenXR/Content/Devices/GoogleDaydream/BaseTexture.ubulk" 451
"../../../Engine/Content/EngineResources/Black.uasset" 452
"../../../Engine/Content/EngineResources/Black.uexp" 453
"../../../Engine/Plugins/Runtime/OpenXR/Content/Devices/M_XRController.uasset" 454
"../../../Engine/Plugins/Runtime/OpenXR/Content/Devices/M_XRController.uexp" 455
"../../../Engine/Plugins/Runtime/OpenXR/Content/Devices/GoogleDaydream/MI_GoogleDaydream.uasset" 456
"../../../Engine/Plugins/Runtime/OpenXR/Content/Devices/GoogleDaydream/MI_GoogleDaydream.uexp" 457
"../../../Engine/Plugins/Runtime/OpenXR/Content/Devices/GoogleDaydream/GoogleDaydreamController.uasset" 458
"../../../Engine/Plugins/Runtime/OpenXR/Content/Devices/GoogleDaydream/GoogleDaydreamController.uexp" 459
"../../../Engine/Plugins/Runtime/OpenXR/Content/Devices/HTCVive/BaseTexture.uasset" 460
"../../../Engine/Plugins/Runtime/OpenXR/Content/Devices/HTCVive/BaseTexture.uexp" 461
"../../../Engine/Plugins/Runtime/OpenXR/Content/Devices/HTCVive/BaseTexture.ubulk" 462
"../../../Engine/Plugins/Runtime/OpenXR/Content/Devices/HTCVive/MI_HTCVive.uasset" 463
"../../../Engine/Plugins/Runtime/OpenXR/Content/Devices/HTCVive/MI_HTCVive.uexp" 464
"../../../Engine/Plugins/Runtime/OpenXR/Content/Devices/HTCVive/HTCViveController.uasset" 465
"../../../Engine/Plugins/Runtime/OpenXR/Content/Devices/HTCVive/HTCViveController.uexp" 466
"../../../Engine/Plugins/Runtime/OpenXR/Content/Devices/MicrosoftMixedReality/NormalTexture.uasset" 467
"../../../Engine/Plugins/Runtime/OpenXR/Content/Devices/MicrosoftMixedReality/NormalTexture.uexp" 468
"../../../Engine/Plugins/Runtime/OpenXR/Content/Devices/MicrosoftMixedReality/NormalTexture.ubulk" 469
"../../../Engine/Plugins/Runtime/OpenXR/Content/Devices/MicrosoftMixedReality/MRTexture.uasset" 470
"../../../Engine/Plugins/Runtime/OpenXR/Content/Devices/MicrosoftMixedReality/MRTexture.uexp" 471
"../../../Engine/Plugins/Runtime/OpenXR/Content/Devices/MicrosoftMixedReality/MRTexture.ubulk" 472
"../../../Engine/Plugins/Runtime/OpenXR/Content/Devices/MicrosoftMixedReality/EmissiveTexture.uasset" 473
"../../../Engine/Plugins/Runtime/OpenXR/Content/Devices/MicrosoftMixedReality/EmissiveTexture.uexp" 474
"../../../Engine/Plugins/Runtime/OpenXR/Content/Devices/MicrosoftMixedReality/EmissiveTexture.ubulk" 475
"../../../Engine/Plugins/Runtime/OpenXR/Content/Devices/MicrosoftMixedReality/BaseTexture.uasset" 476
"../../../Engine/Plugins/Runtime/OpenXR/Content/Devices/MicrosoftMixedReality/BaseTexture.uexp" 477
"../../../Engine/Plugins/Runtime/OpenXR/Content/Devices/MicrosoftMixedReality/BaseTexture.ubulk" 478
"../../../Engine/Plugins/Runtime/OpenXR/Content/Devices/MicrosoftMixedReality/MI_MicrosoftMixedReality.uasset" 479
"../../../Engine/Plugins/Runtime/OpenXR/Content/Devices/MicrosoftMixedReality/MI_MicrosoftMixedReality.uexp" 480
"../../../Engine/Plugins/Runtime/OpenXR/Content/Devices/MicrosoftMixedReality/Left/left_MicrosoftMixedRealityController.uasset" 481
"../../../Engine/Plugins/Runtime/OpenXR/Content/Devices/MicrosoftMixedReality/Left/left_MicrosoftMixedRealityController.uexp" 482
"../../../Engine/Plugins/Runtime/OpenXR/Content/Devices/MicrosoftMixedReality/Right/right_MicrosoftMixedRealityController.uasset" 483
"../../../Engine/Plugins/Runtime/OpenXR/Content/Devices/MicrosoftMixedReality/Right/right_MicrosoftMixedRealityController.uexp" 484
"../../../Engine/Plugins/Runtime/OpenXR/Content/Devices/OculusGo/BaseTexture.uasset" 485
"../../../Engine/Plugins/Runtime/OpenXR/Content/Devices/OculusGo/BaseTexture.uexp" 486
"../../../Engine/Plugins/Runtime/OpenXR/Content/Devices/OculusGo/BaseTexture.ubulk" 487
"../../../Engine/Plugins/Runtime/OpenXR/Content/Devices/OculusGo/MI_OculusGo.uasset" 488
"../../../Engine/Plugins/Runtime/OpenXR/Content/Devices/OculusGo/MI_OculusGo.uexp" 489
"../../../Engine/Plugins/Runtime/OpenXR/Content/Devices/OculusGo/OculusGoController.uasset" 490
"../../../Engine/Plugins/Runtime/OpenXR/Content/Devices/OculusGo/OculusGoController.uexp" 491
"../../../Engine/Plugins/Runtime/OpenXR/Content/Devices/OculusTouch/MRTexture.uasset" 492
"../../../Engine/Plugins/Runtime/OpenXR/Content/Devices/OculusTouch/MRTexture.uexp" 493
"../../../Engine/Plugins/Runtime/OpenXR/Content/Devices/OculusTouch/MRTexture.ubulk" 494
"../../../Engine/Plugins/Runtime/OpenXR/Content/Devices/OculusTouch/BaseTexture.uasset" 495
"../../../Engine/Plugins/Runtime/OpenXR/Content/Devices/OculusTouch/BaseTexture.uexp" 496
"../../../Engine/Plugins/Runtime/OpenXR/Content/Devices/OculusTouch/BaseTexture.ubulk" 497
"../../../Engine/Plugins/Runtime/OpenXR/Content/Devices/OculusTouch/MI_OculusTouch.uasset" 498
"../../../Engine/Plugins/Runtime/OpenXR/Content/Devices/OculusTouch/MI_OculusTouch.uexp" 499
"../../../Engine/Plugins/Runtime/OpenXR/Content/Devices/OculusTouch/Left/left_OculusTouchController.uasset" 500
"../../../Engine/Plugins/Runtime/OpenXR/Content/Devices/OculusTouch/Left/left_OculusTouchController.uexp" 501
"../../../Engine/Plugins/Runtime/OpenXR/Content/Devices/OculusTouch/Right/right_OculusTouchController.uasset" 502
"../../../Engine/Plugins/Runtime/OpenXR/Content/Devices/OculusTouch/Right/right_OculusTouchController.uexp" 503
"../../../Engine/Plugins/Runtime/OpenXR/Content/Devices/OculusTouch_v2/MRTexture.uasset" 504
"../../../Engine/Plugins/Runtime/OpenXR/Content/Devices/OculusTouch_v2/MRTexture.uexp" 505
"../../../Engine/Plugins/Runtime/OpenXR/Content/Devices/OculusTouch_v2/MRTexture.ubulk" 506
"../../../Engine/Plugins/Runtime/OpenXR/Content/Devices/OculusTouch_v2/BaseTexture.uasset" 507
"../../../Engine/Plugins/Runtime/OpenXR/Content/Devices/OculusTouch_v2/BaseTexture.uexp" 508
"../../../Engine/Plugins/Runtime/OpenXR/Content/Devices/OculusTouch_v2/BaseTexture.ubulk" 509
"../../../Engine/Plugins/Runtime/OpenXR/Content/Devices/OculusTouch_v2/MI_OculusTouch_v2.uasset" 510
"../../../Engine/Plugins/Runtime/OpenXR/Content/Devices/OculusTouch_v2/MI_OculusTouch_v2.uexp" 511
"../../../Engine/Plugins/Runtime/OpenXR/Content/Devices/OculusTouch_v2/Left/left_OculusTouch_v2Controller.uasset" 512
"../../../Engine/Plugins/Runtime/OpenXR/Content/Devices/OculusTouch_v2/Left/left_OculusTouch_v2Controller.uexp" 513
"../../../Engine/Plugins/Runtime/OpenXR/Content/Devices/OculusTouch_v2/Right/right_OculusTouch_v2Controller.uasset" 514
"../../../Engine/Plugins/Runtime/OpenXR/Content/Devices/OculusTouch_v2/Right/right_OculusTouch_v2Controller.uexp" 515
"../../../Engine/Plugins/Runtime/OpenXR/Content/Devices/OculusTouch_v3/MRTexture.uasset" 516
"../../../Engine/Plugins/Runtime/OpenXR/Content/Devices/OculusTouch_v3/MRTexture.uexp" 517
"../../../Engine/Plugins/Runtime/OpenXR/Content/Devices/OculusTouch_v3/MRTexture.ubulk" 518
"../../../Engine/Plugins/Runtime/OpenXR/Content/Devices/OculusTouch_v3/BaseTexture.uasset" 519
"../../../Engine/Plugins/Runtime/OpenXR/Content/Devices/OculusTouch_v3/BaseTexture.uexp" 520
"../../../Engine/Plugins/Runtime/OpenXR/Content/Devices/OculusTouch_v3/BaseTexture.ubulk" 521
"../../../Engine/Plugins/Runtime/OpenXR/Content/Devices/OculusTouch_v3/MI_OculusTouch_v3.uasset" 522
"../../../Engine/Plugins/Runtime/OpenXR/Content/Devices/OculusTouch_v3/MI_OculusTouch_v3.uexp" 523
"../../../Engine/Plugins/Runtime/OpenXR/Content/Devices/OculusTouch_v3/Left/left_OculusTouch_v3Controller.uasset" 524
"../../../Engine/Plugins/Runtime/OpenXR/Content/Devices/OculusTouch_v3/Left/left_OculusTouch_v3Controller.uexp" 525
"../../../Engine/Plugins/Runtime/OpenXR/Content/Devices/OculusTouch_v3/Right/right_OculusTouch_v3Controller.uasset" 526
"../../../Engine/Plugins/Runtime/OpenXR/Content/Devices/OculusTouch_v3/Right/right_OculusTouch_v3Controller.uexp" 527
"../../../Engine/Plugins/Runtime/OpenXR/Content/Devices/ValveIndex/MRTexture.uasset" 528
"../../../Engine/Plugins/Runtime/OpenXR/Content/Devices/ValveIndex/MRTexture.uexp" 529
"../../../Engine/Plugins/Runtime/OpenXR/Content/Devices/ValveIndex/MRTexture.ubulk" 530
"../../../Engine/Plugins/Runtime/OpenXR/Content/Devices/ValveIndex/BaseTexture.uasset" 531
"../../../Engine/Plugins/Runtime/OpenXR/Content/Devices/ValveIndex/BaseTexture.uexp" 532
"../../../Engine/Plugins/Runtime/OpenXR/Content/Devices/ValveIndex/BaseTexture.ubulk" 533
"../../../Engine/Plugins/Runtime/OpenXR/Content/Devices/ValveIndex/Left/MI_left_ValveIndex.uasset" 534
"../../../Engine/Plugins/Runtime/OpenXR/Content/Devices/ValveIndex/Left/MI_left_ValveIndex.uexp" 535
"../../../Engine/Plugins/Runtime/OpenXR/Content/Devices/ValveIndex/Left/left_ValveIndexController.uasset" 536
"../../../Engine/Plugins/Runtime/OpenXR/Content/Devices/ValveIndex/Left/left_ValveIndexController.uexp" 537
"../../../Engine/Plugins/Runtime/OpenXR/Content/Devices/ValveIndex/Right/MI_right_ValveIndex.uasset" 538
"../../../Engine/Plugins/Runtime/OpenXR/Content/Devices/ValveIndex/Right/MI_right_ValveIndex.uexp" 539
"../../../Engine/Plugins/Runtime/OpenXR/Content/Devices/ValveIndex/Right/right_ValveIndexController.uasset" 540
"../../../Engine/Plugins/Runtime/OpenXR/Content/Devices/ValveIndex/Right/right_ValveIndexController.uexp" 541
"../../../Engine/Content/ArtTools/RenderToTexture/Textures/127grey.uasset" 542
"../../../Engine/Content/ArtTools/RenderToTexture/Textures/127grey.uexp" 543
"../../../Engine/Plugins/Enterprise/DatasmithContent/Content/Materials/TileMirrorAxis.uasset" 544
"../../../Engine/Plugins/Enterprise/DatasmithContent/Content/Materials/TileMirrorAxis.uexp" 545
"../../../Engine/Content/Functions/Engine_MaterialFunctions02/Texturing/CustomRotator.uasset" 546
"../../../Engine/Content/Functions/Engine_MaterialFunctions02/Texturing/CustomRotator.uexp" 547
"../../../Engine/Plugins/Enterprise/DatasmithContent/Content/Materials/UVEdit.uasset" 548
"../../../Engine/Plugins/Enterprise/DatasmithContent/Content/Materials/UVEdit.uexp" 549
"../../../Engine/Plugins/Enterprise/DatasmithContent/Content/Materials/C4DMasterUV.uasset" 550
"../../../Engine/Plugins/Enterprise/DatasmithContent/Content/Materials/C4DMasterUV.uexp" 551
"../../../Engine/Content/Functions/Engine_MaterialFunctions01/Texturing/FlattenNormal.uasset" 552
"../../../Engine/Content/Functions/Engine_MaterialFunctions01/Texturing/FlattenNormal.uexp" 553
"../../../Engine/Content/Functions/Engine_MaterialFunctions02/HueShift.uasset" 554
"../../../Engine/Content/Functions/Engine_MaterialFunctions02/HueShift.uexp" 555
"../../../Engine/Content/EngineMaterials/T_Default_Normal.uasset" 556
"../../../Engine/Content/EngineMaterials/T_Default_Normal.uexp" 557
"../../../Engine/Content/EngineMaterials/T_Default_Normal.ubulk" 558
"../../../Engine/Content/EditorLandscapeResources/WhiteSquareTexture.uasset" 559
"../../../Engine/Content/EditorLandscapeResources/WhiteSquareTexture.uexp" 560
"../../../Engine/Plugins/Enterprise/DatasmithContent/Content/Materials/C4DMaster.uasset" 561
"../../../Engine/Plugins/Enterprise/DatasmithContent/Content/Materials/C4DMaster.uexp" 562
"../../../Engine/Content/EngineMaterials/FlatNormal.uasset" 563
"../../../Engine/Content/EngineMaterials/FlatNormal.uexp" 564
"../../../Engine/Plugins/Enterprise/DatasmithContent/Content/Materials/CE_BaseMaster.uasset" 565
"../../../Engine/Plugins/Enterprise/DatasmithContent/Content/Materials/CE_BaseMaster.uexp" 566
"../../../Engine/Plugins/Enterprise/DatasmithContent/Content/Materials/CE_OpacityMaster.uasset" 567
"../../../Engine/Plugins/Enterprise/DatasmithContent/Content/Materials/CE_OpacityMaster.uexp" 568
"../../../Engine/Plugins/Enterprise/DatasmithContent/Content/Materials/CE_OpacitySimpleMaster.uasset" 569
"../../../Engine/Plugins/Enterprise/DatasmithContent/Content/Materials/CE_OpacitySimpleMaster.uexp" 570
"../../../Engine/Plugins/Enterprise/DatasmithContent/Content/Materials/CE_OpaqueMaster.uasset" 571
"../../../Engine/Plugins/Enterprise/DatasmithContent/Content/Materials/CE_OpaqueMaster.uexp" 572
"../../../Engine/Content/Functions/Engine_MaterialFunctions03/Procedurals/NormalFromHeightmap.uasset" 573
"../../../Engine/Content/Functions/Engine_MaterialFunctions03/Procedurals/NormalFromHeightmap.uexp" 574
"../../../Engine/Content/EngineResources/DefaultTexture.uasset" 575
"../../../Engine/Content/EngineResources/DefaultTexture.uexp" 576
"../../../Engine/Content/EngineResources/DefaultTexture.ubulk" 577
"../../../Engine/Plugins/Enterprise/DatasmithContent/Content/Materials/RevitMaster.uasset" 578
"../../../Engine/Plugins/Enterprise/DatasmithContent/Content/Materials/RevitMaster.uexp" 579
"../../../Engine/Plugins/Enterprise/DatasmithContent/Content/Materials/SketchUpMaster.uasset" 580
"../../../Engine/Plugins/Enterprise/DatasmithContent/Content/Materials/SketchUpMaster.uexp" 581
"../../../Engine/Content/Functions/Engine_MaterialFunctions02/Utility/BreakOutFloat4Components.uasset" 582
"../../../Engine/Content/Functions/Engine_MaterialFunctions02/Utility/BreakOutFloat4Components.uexp" 583
"../../../Engine/Content/Functions/Engine_MaterialFunctions02/Utility/MakeFloat3.uasset" 584
"../../../Engine/Content/Functions/Engine_MaterialFunctions02/Utility/MakeFloat3.uexp" 585
"../../../Engine/Plugins/Runtime/Oculus/OculusVR/Content/Materials/OculusMR_ChromaKey.uasset" 586
"../../../Engine/Plugins/Runtime/Oculus/OculusVR/Content/Materials/OculusMR_ChromaKey.uexp" 587
"../../../Engine/Plugins/Runtime/Oculus/OculusVR/Content/Materials/OculusMR_OpaqueColoredMaterial.uasset" 588
"../../../Engine/Plugins/Runtime/Oculus/OculusVR/Content/Materials/OculusMR_OpaqueColoredMaterial.uexp" 589
"../../../Engine/Plugins/Runtime/Oculus/OculusVR/Content/Materials/PokeAHoleMaterial.uasset" 590
"../../../Engine/Plugins/Runtime/Oculus/OculusVR/Content/Materials/PokeAHoleMaterial.uexp" 591
"../../../Engine/Plugins/Runtime/Oculus/OculusVR/Content/Textures/touchController_controlmap.uasset" 592
"../../../Engine/Plugins/Runtime/Oculus/OculusVR/Content/Textures/touchController_controlmap.uexp" 593
"../../../Engine/Plugins/Runtime/Oculus/OculusVR/Content/Textures/touchController_controlmap.ubulk" 594
"../../../Engine/Plugins/Runtime/Oculus/OculusVR/Content/Textures/touchController_albedo.uasset" 595
"../../../Engine/Plugins/Runtime/Oculus/OculusVR/Content/Textures/touchController_albedo.uexp" 596
"../../../Engine/Plugins/Runtime/Oculus/OculusVR/Content/Textures/touchController_albedo.ubulk" 597
"../../../Engine/Plugins/Runtime/Oculus/OculusVR/Content/Materials/touchController_mat.uasset" 598
"../../../Engine/Plugins/Runtime/Oculus/OculusVR/Content/Materials/touchController_mat.uexp" 599
"../../../Engine/Plugins/Runtime/Oculus/OculusVR/Content/Meshes/LeftTouchController.uasset" 600
"../../../Engine/Plugins/Runtime/Oculus/OculusVR/Content/Meshes/LeftTouchController.uexp" 601
"../../../Engine/Plugins/Runtime/Oculus/OculusVR/Content/Textures/TouchForQuestRiftSController_albedo.uasset" 602
"../../../Engine/Plugins/Runtime/Oculus/OculusVR/Content/Textures/TouchForQuestRiftSController_albedo.uexp" 603
"../../../Engine/Plugins/Runtime/Oculus/OculusVR/Content/Textures/TouchForQuestRiftSController_albedo.ubulk" 604
"../../../Engine/Plugins/Runtime/Oculus/OculusVR/Content/Materials/TouchForQuestRiftSControllerMaterial.uasset" 605
"../../../Engine/Plugins/Runtime/Oculus/OculusVR/Content/Materials/TouchForQuestRiftSControllerMaterial.uexp" 606
"../../../Engine/Plugins/Runtime/Oculus/OculusVR/Content/Meshes/LeftTouchForQuestRiftSController.uasset" 607
"../../../Engine/Plugins/Runtime/Oculus/OculusVR/Content/Meshes/LeftTouchForQuestRiftSController.uexp" 608
"../../../Engine/Plugins/Runtime/Oculus/OculusVR/Content/Meshes/RiftHMD.uasset" 609
"../../../Engine/Plugins/Runtime/Oculus/OculusVR/Content/Meshes/RiftHMD.uexp" 610
"../../../Engine/Plugins/Runtime/Oculus/OculusVR/Content/Meshes/RightTouchController.uasset" 611
"../../../Engine/Plugins/Runtime/Oculus/OculusVR/Content/Meshes/RightTouchController.uexp" 612
"../../../Engine/Plugins/Runtime/Oculus/OculusVR/Content/Meshes/RightTouchForQuestRiftSController.uasset" 613
"../../../Engine/Plugins/Runtime/Oculus/OculusVR/Content/Meshes/RightTouchForQuestRiftSController.uexp" 614
"D:/Unreal/Unreal_Projects/Cube/Content/Blueprints/gltf_map.uexp" 615
"D:/Unreal/Unreal_Projects/Cube/Content/Blueprints/gltf_map.umap" 616
"D:/Unreal/Unreal_Projects/Cube/Content/Blueprints/stepLvl.uasset" 617
"D:/Unreal/Unreal_Projects/Cube/Content/Blueprints/stepLvl.uexp" 618
"D:/Unreal/Unreal_Projects/Cube/Content/Blueprints/Mamap_1.uexp" 619
"D:/Unreal/Unreal_Projects/Cube/Content/Blueprints/Mamap_1.umap" 620
"D:/Unreal/Unreal_Projects/Cube/Content/Blueprints/Mamap_2.uexp" 621
"D:/Unreal/Unreal_Projects/Cube/Content/Blueprints/Mamap_2.umap" 622
"D:/Unreal/Unreal_Projects/Cube/Content/Blueprints/Mamap_3.uexp" 623
"D:/Unreal/Unreal_Projects/Cube/Content/Blueprints/Mamap_3.umap" 624
"../../../Engine/Content/EngineSky/T_Sky_Stars.uasset" 625
"../../../Engine/Content/EngineSky/T_Sky_Stars.uexp" 626
"../../../Engine/Content/EngineSky/T_Sky_Stars.ubulk" 627
"../../../Engine/Content/EngineSky/T_Sky_Clouds_M.uasset" 628
"../../../Engine/Content/EngineSky/T_Sky_Clouds_M.uexp" 629
"../../../Engine/Content/EngineSky/T_Sky_Clouds_M.ubulk" 630
"../../../Engine/Content/EngineSky/T_Sky_Blue.uasset" 631
"../../../Engine/Content/EngineSky/T_Sky_Blue.uexp" 632
"../../../Engine/Content/EngineSky/T_Sky_Blue.ubulk" 633
"../../../Engine/Content/EngineSky/M_Sky_Panning_Clouds2.uasset" 634
"../../../Engine/Content/EngineSky/M_Sky_Panning_Clouds2.uexp" 635
"D:/Unreal/Unreal_Projects/Cube/Content/Levels/Game_BuiltData.uasset" 636
"D:/Unreal/Unreal_Projects/Cube/Content/Levels/Game_BuiltData.uexp" 637
"../../../Engine/Content/EngineSky/SM_SkySphere.uasset" 638
"../../../Engine/Content/EngineSky/SM_SkySphere.uexp" 639
"../../../Engine/Content/EngineSky/C_Sky_Zenith_Color.uasset" 640
"../../../Engine/Content/EngineSky/C_Sky_Zenith_Color.uexp" 641
"../../../Engine/Content/EngineSky/C_Sky_Horizon_Color.uasset" 642
"../../../Engine/Content/EngineSky/C_Sky_Horizon_Color.uexp" 643
"../../../Engine/Content/EngineSky/C_Sky_Cloud_Color.uasset" 644
"../../../Engine/Content/EngineSky/C_Sky_Cloud_Color.uexp" 645
"../../../Engine/Content/EngineSky/BP_Sky_Sphere.uasset" 646
"../../../Engine/Content/EngineSky/BP_Sky_Sphere.uexp" 647
"D:/Unreal/Unreal_Projects/Cube/Content/Blueprints/CameraMouvement/OrbitalCamera.uasset" 648
"D:/Unreal/Unreal_Projects/Cube/Content/Blueprints/CameraMouvement/OrbitalCamera.uexp" 649
"D:/Unreal/Unreal_Projects/Cube/Content/Assets/Room/room/Textures/0_teburu_baseColor.uasset" 650
"D:/Unreal/Unreal_Projects/Cube/Content/Assets/Room/room/Textures/0_teburu_baseColor.uexp" 651
"D:/Unreal/Unreal_Projects/Cube/Content/Assets/Room/room/Textures/0_teburu_baseColor.ubulk" 652
"D:/Unreal/Unreal_Projects/Cube/Content/Assets/Room/room/Textures/1_teburu_metallicRoughness.uasset" 653
"D:/Unreal/Unreal_Projects/Cube/Content/Assets/Room/room/Textures/1_teburu_metallicRoughness.uexp" 654
"D:/Unreal/Unreal_Projects/Cube/Content/Assets/Room/room/Textures/1_teburu_metallicRoughness.ubulk" 655
"D:/Unreal/Unreal_Projects/Cube/Content/Assets/Room/room/Textures/2_teburu_normal.uasset" 656
"D:/Unreal/Unreal_Projects/Cube/Content/Assets/Room/room/Textures/2_teburu_normal.uexp" 657
"D:/Unreal/Unreal_Projects/Cube/Content/Assets/Room/room/Textures/2_teburu_normal.ubulk" 658
"D:/Unreal/Unreal_Projects/Cube/Content/Assets/Room/room/Materials/teburu.uasset" 659
"D:/Unreal/Unreal_Projects/Cube/Content/Assets/Room/room/Materials/teburu.uexp" 660
"D:/Unreal/Unreal_Projects/Cube/Content/Assets/Room/room/6_defaultMaterial.uasset" 661
"D:/Unreal/Unreal_Projects/Cube/Content/Assets/Room/room/6_defaultMaterial.uexp" 662
"D:/Unreal/Unreal_Projects/Cube/Content/Assets/Room/room/5_defaultMaterial.uasset" 663
"D:/Unreal/Unreal_Projects/Cube/Content/Assets/Room/room/5_defaultMaterial.uexp" 664
"D:/Unreal/Unreal_Projects/Cube/Content/Assets/Room/room/Textures/3_room_baseColor.uasset" 665
"D:/Unreal/Unreal_Projects/Cube/Content/Assets/Room/room/Textures/3_room_baseColor.uexp" 666
"D:/Unreal/Unreal_Projects/Cube/Content/Assets/Room/room/Textures/3_room_baseColor.ubulk" 667
"D:/Unreal/Unreal_Projects/Cube/Content/Assets/Room/room/Textures/4_room_metallicRoughness.uasset" 668
"D:/Unreal/Unreal_Projects/Cube/Content/Assets/Room/room/Textures/4_room_metallicRoughness.uexp" 669
"D:/Unreal/Unreal_Projects/Cube/Content/Assets/Room/room/Textures/4_room_metallicRoughness.ubulk" 670
"D:/Unreal/Unreal_Projects/Cube/Content/Assets/Room/room/Textures/5_room_normal.uasset" 671
"D:/Unreal/Unreal_Projects/Cube/Content/Assets/Room/room/Textures/5_room_normal.uexp" 672
"D:/Unreal/Unreal_Projects/Cube/Content/Assets/Room/room/Textures/5_room_normal.ubulk" 673
"D:/Unreal/Unreal_Projects/Cube/Content/Assets/Room/room/Materials/room.uasset" 674
"D:/Unreal/Unreal_Projects/Cube/Content/Assets/Room/room/Materials/room.uexp" 675
"D:/Unreal/Unreal_Projects/Cube/Content/Assets/Room/room/4_defaultMaterial.uasset" 676
"D:/Unreal/Unreal_Projects/Cube/Content/Assets/Room/room/4_defaultMaterial.uexp" 677
"D:/Unreal/Unreal_Projects/Cube/Content/Assets/Room/room/Textures/8_hashira_normal.uasset" 678
"D:/Unreal/Unreal_Projects/Cube/Content/Assets/Room/room/Textures/8_hashira_normal.uexp" 679
"D:/Unreal/Unreal_Projects/Cube/Content/Assets/Room/room/Textures/8_hashira_normal.ubulk" 680
"D:/Unreal/Unreal_Projects/Cube/Content/Assets/Room/room/Textures/7_hashira_metallicRoughness.uasset" 681
"D:/Unreal/Unreal_Projects/Cube/Content/Assets/Room/room/Textures/7_hashira_metallicRoughness.uexp" 682
"D:/Unreal/Unreal_Projects/Cube/Content/Assets/Room/room/Textures/7_hashira_metallicRoughness.ubulk" 683
"D:/Unreal/Unreal_Projects/Cube/Content/Assets/Room/room/Textures/6_hashira_baseColor.uasset" 684
"D:/Unreal/Unreal_Projects/Cube/Content/Assets/Room/room/Textures/6_hashira_baseColor.uexp" 685
"D:/Unreal/Unreal_Projects/Cube/Content/Assets/Room/room/Textures/6_hashira_baseColor.ubulk" 686
"D:/Unreal/Unreal_Projects/Cube/Content/Assets/Room/room/Materials/hashira.uasset" 687
"D:/Unreal/Unreal_Projects/Cube/Content/Assets/Room/room/Materials/hashira.uexp" 688
"D:/Unreal/Unreal_Projects/Cube/Content/Assets/Room/room/3_defaultMaterial.uasset" 689
"D:/Unreal/Unreal_Projects/Cube/Content/Assets/Room/room/3_defaultMaterial.uexp" 690
"D:/Unreal/Unreal_Projects/Cube/Content/Assets/Room/room/Textures/10_material_metallicRoughness.uasset" 691
"D:/Unreal/Unreal_Projects/Cube/Content/Assets/Room/room/Textures/10_material_metallicRoughness.uexp" 692
"D:/Unreal/Unreal_Projects/Cube/Content/Assets/Room/room/Textures/10_material_metallicRoughness.ubulk" 693
"D:/Unreal/Unreal_Projects/Cube/Content/Assets/Room/room/Textures/11_material_normal.uasset" 694
"D:/Unreal/Unreal_Projects/Cube/Content/Assets/Room/room/Textures/11_material_normal.uexp" 695
"D:/Unreal/Unreal_Projects/Cube/Content/Assets/Room/room/Textures/11_material_normal.ubulk" 696
"D:/Unreal/Unreal_Projects/Cube/Content/Assets/Room/room/Textures/9_material_baseColor.uasset" 697
"D:/Unreal/Unreal_Projects/Cube/Content/Assets/Room/room/Textures/9_material_baseColor.uexp" 698
"D:/Unreal/Unreal_Projects/Cube/Content/Assets/Room/room/Textures/9_material_baseColor.ubulk" 699
"D:/Unreal/Unreal_Projects/Cube/Content/Assets/Room/room/Materials/material.uasset" 700
"D:/Unreal/Unreal_Projects/Cube/Content/Assets/Room/room/Materials/material.uexp" 701
"D:/Unreal/Unreal_Projects/Cube/Content/Assets/Room/room/2_defaultMaterial.uasset" 702
"D:/Unreal/Unreal_Projects/Cube/Content/Assets/Room/room/2_defaultMaterial.uexp" 703
"D:/Unreal/Unreal_Projects/Cube/Content/Assets/Room/room/Textures/12_kusa_baseColor.uasset" 704
"D:/Unreal/Unreal_Projects/Cube/Content/Assets/Room/room/Textures/12_kusa_baseColor.uexp" 705
"D:/Unreal/Unreal_Projects/Cube/Content/Assets/Room/room/Textures/12_kusa_baseColor.ubulk" 706
"D:/Unreal/Unreal_Projects/Cube/Content/Assets/Room/room/Textures/13_kusa_metallicRoughness.uasset" 707
"D:/Unreal/Unreal_Projects/Cube/Content/Assets/Room/room/Textures/13_kusa_metallicRoughness.uexp" 708
"D:/Unreal/Unreal_Projects/Cube/Content/Assets/Room/room/Textures/13_kusa_metallicRoughness.ubulk" 709
"D:/Unreal/Unreal_Projects/Cube/Content/Assets/Room/room/Textures/14_kusa_normal.uasset" 710
"D:/Unreal/Unreal_Projects/Cube/Content/Assets/Room/room/Textures/14_kusa_normal.uexp" 711
"D:/Unreal/Unreal_Projects/Cube/Content/Assets/Room/room/Textures/14_kusa_normal.ubulk" 712
"D:/Unreal/Unreal_Projects/Cube/Content/Assets/Room/room/Materials/kusa.uasset" 713
"D:/Unreal/Unreal_Projects/Cube/Content/Assets/Room/room/Materials/kusa.uexp" 714
"D:/Unreal/Unreal_Projects/Cube/Content/Assets/Room/room/1_defaultMaterial.uasset" 715
"D:/Unreal/Unreal_Projects/Cube/Content/Assets/Room/room/1_defaultMaterial.uexp" 716
"D:/Unreal/Unreal_Projects/Cube/Content/Assets/Room/room/Textures/15_kobin_baseColor.uasset" 717
"D:/Unreal/Unreal_Projects/Cube/Content/Assets/Room/room/Textures/15_kobin_baseColor.uexp" 718
"D:/Unreal/Unreal_Projects/Cube/Content/Assets/Room/room/Textures/15_kobin_baseColor.ubulk" 719
"D:/Unreal/Unreal_Projects/Cube/Content/Assets/Room/room/Textures/16_kobin_metallicRoughness.uasset" 720
"D:/Unreal/Unreal_Projects/Cube/Content/Assets/Room/room/Textures/16_kobin_metallicRoughness.uexp" 721
"D:/Unreal/Unreal_Projects/Cube/Content/Assets/Room/room/Textures/16_kobin_metallicRoughness.ubulk" 722
"D:/Unreal/Unreal_Projects/Cube/Content/Assets/Room/room/Textures/17_kobin_normal.uasset" 723
"D:/Unreal/Unreal_Projects/Cube/Content/Assets/Room/room/Textures/17_kobin_normal.uexp" 724
"D:/Unreal/Unreal_Projects/Cube/Content/Assets/Room/room/Textures/17_kobin_normal.ubulk" 725
"D:/Unreal/Unreal_Projects/Cube/Content/Assets/Room/room/Materials/kobin.uasset" 726
"D:/Unreal/Unreal_Projects/Cube/Content/Assets/Room/room/Materials/kobin.uexp" 727
"D:/Unreal/Unreal_Projects/Cube/Content/Assets/Room/room/0_defaultMaterial.uasset" 728
"D:/Unreal/Unreal_Projects/Cube/Content/Assets/Room/room/0_defaultMaterial.uexp" 729
"D:/Unreal/Unreal_Projects/Cube/Content/Blueprints/NewGameMode.uasset" 730
"D:/Unreal/Unreal_Projects/Cube/Content/Blueprints/NewGameMode.uexp" 731
"D:/Unreal/Unreal_Projects/Cube/Content/Levels/Game.uexp" 732
"D:/Unreal/Unreal_Projects/Cube/Content/Levels/Game.umap" 733
"../../../Engine/Content/MapTemplates/SM_Template_Map_Floor.uasset" 734
"../../../Engine/Content/MapTemplates/SM_Template_Map_Floor.uexp" 735
"D:/Unreal/Unreal_Projects/Cube/Content/Levels/gltf_map.uexp" 736
"D:/Unreal/Unreal_Projects/Cube/Content/Levels/gltf_map.umap" 737
"D:/Unreal/Unreal_Projects/Cube/Content/Levels/MainMenu_BuiltData.uasset" 738
"D:/Unreal/Unreal_Projects/Cube/Content/Levels/MainMenu_BuiltData.uexp" 739
"D:/Unreal/Unreal_Projects/Cube/Content/Blueprints/bg_cubeMania.uasset" 740
"D:/Unreal/Unreal_Projects/Cube/Content/Blueprints/bg_cubeMania.uexp" 741
"D:/Unreal/Unreal_Projects/Cube/Content/Blueprints/mainMenuWBP.uasset" 742
"D:/Unreal/Unreal_Projects/Cube/Content/Blueprints/mainMenuWBP.uexp" 743
"D:/Unreal/Unreal_Projects/Cube/Content/Blueprints/MainMenuBP.uasset" 744
"D:/Unreal/Unreal_Projects/Cube/Content/Blueprints/MainMenuBP.uexp" 745
"D:/Unreal/Unreal_Projects/Cube/Content/Levels/MainMenu.uexp" 746
"D:/Unreal/Unreal_Projects/Cube/Content/Levels/MainMenu.umap" 747
"D:/Unreal/Unreal_Projects/Cube/Content/Levels/Map1.uexp" 748
"D:/Unreal/Unreal_Projects/Cube/Content/Levels/Map1.umap" 749
"D:/Unreal/Unreal_Projects/Cube/Content/Levels/Map11.uexp" 750
"D:/Unreal/Unreal_Projects/Cube/Content/Levels/Map11.umap" 751
"D:/Unreal/Unreal_Projects/Cube/Content/Levels/Map111.uexp" 752
"D:/Unreal/Unreal_Projects/Cube/Content/Levels/Map111.umap" 753
"D:/Unreal/Unreal_Projects/Cube/Content/Levels/NewMap.uexp" 754
"D:/Unreal/Unreal_Projects/Cube/Content/Levels/NewMap.umap" 755
"D:/Unreal/Unreal_Projects/Cube/Content/Levels/NewMap1.uexp" 756
"D:/Unreal/Unreal_Projects/Cube/Content/Levels/NewMap1.umap" 757
"D:/Unreal/Unreal_Projects/Cube/Content/Assets/Cube/Cube_Wall_Top_Right_Blueprint.uasset" 758
"D:/Unreal/Unreal_Projects/Cube/Content/Assets/Cube/Cube_Wall_Top_Right_Blueprint.uexp" 759
"D:/Unreal/Unreal_Projects/Cube/Content/Levels/Proto.uexp" 760
"D:/Unreal/Unreal_Projects/Cube/Content/Levels/Proto.umap" 761
"D:/Unreal/Unreal_Projects/Cube/Content/Levels/Test_BuiltData.uasset" 762
"D:/Unreal/Unreal_Projects/Cube/Content/Levels/Test_BuiltData.uexp" 763
"D:/Unreal/Unreal_Projects/Cube/Content/Levels/Test_BuiltData.ubulk" 764
"D:/Unreal/Unreal_Projects/Cube/Content/Assets/CubeMania_proto.uasset" 765
"D:/Unreal/Unreal_Projects/Cube/Content/Assets/CubeMania_proto.uexp" 766
"D:/Unreal/Unreal_Projects/Cube/Content/Assets/CameraMouvement/OrbitalCamera.uasset" 767
"D:/Unreal/Unreal_Projects/Cube/Content/Assets/CameraMouvement/OrbitalCamera.uexp" 768
"D:/Unreal/Unreal_Projects/Cube/Content/Levels/Test.uexp" 769
"D:/Unreal/Unreal_Projects/Cube/Content/Levels/Test.umap" 770
"D:/Unreal/Unreal_Projects/Cube/Content/Geo/room/Textures/2_teburu_normal.uasset" 771
"D:/Unreal/Unreal_Projects/Cube/Content/Geo/room/Textures/2_teburu_normal.uexp" 772
"D:/Unreal/Unreal_Projects/Cube/Content/Geo/room/Textures/2_teburu_normal.ubulk" 773
"D:/Unreal/Unreal_Projects/Cube/Content/Geo/room/Textures/1_teburu_metallicRoughness.uasset" 774
"D:/Unreal/Unreal_Projects/Cube/Content/Geo/room/Textures/1_teburu_metallicRoughness.uexp" 775
"D:/Unreal/Unreal_Projects/Cube/Content/Geo/room/Textures/1_teburu_metallicRoughness.ubulk" 776
"D:/Unreal/Unreal_Projects/Cube/Content/Geo/room/Textures/0_teburu_baseColor.uasset" 777
"D:/Unreal/Unreal_Projects/Cube/Content/Geo/room/Textures/0_teburu_baseColor.uexp" 778
"D:/Unreal/Unreal_Projects/Cube/Content/Geo/room/Textures/0_teburu_baseColor.ubulk" 779
"D:/Unreal/Unreal_Projects/Cube/Content/Geo/room/Materials/teburu.uasset" 780
"D:/Unreal/Unreal_Projects/Cube/Content/Geo/room/Materials/teburu.uexp" 781
"D:/Unreal/Unreal_Projects/Cube/Content/Geo/room/6_defaultMaterial.uasset" 782
"D:/Unreal/Unreal_Projects/Cube/Content/Geo/room/6_defaultMaterial.uexp" 783
"D:/Unreal/Unreal_Projects/Cube/Content/Geo/room/5_defaultMaterial.uasset" 784
"D:/Unreal/Unreal_Projects/Cube/Content/Geo/room/5_defaultMaterial.uexp" 785
"D:/Unreal/Unreal_Projects/Cube/Content/Geo/room/Textures/5_room_normal.uasset" 786
"D:/Unreal/Unreal_Projects/Cube/Content/Geo/room/Textures/5_room_normal.uexp" 787
"D:/Unreal/Unreal_Projects/Cube/Content/Geo/room/Textures/5_room_normal.ubulk" 788
"D:/Unreal/Unreal_Projects/Cube/Content/Geo/room/Textures/4_room_metallicRoughness.uasset" 789
"D:/Unreal/Unreal_Projects/Cube/Content/Geo/room/Textures/4_room_metallicRoughness.uexp" 790
"D:/Unreal/Unreal_Projects/Cube/Content/Geo/room/Textures/4_room_metallicRoughness.ubulk" 791
"D:/Unreal/Unreal_Projects/Cube/Content/Geo/room/Textures/3_room_baseColor.uasset" 792
"D:/Unreal/Unreal_Projects/Cube/Content/Geo/room/Textures/3_room_baseColor.uexp" 793
"D:/Unreal/Unreal_Projects/Cube/Content/Geo/room/Textures/3_room_baseColor.ubulk" 794
"D:/Unreal/Unreal_Projects/Cube/Content/Geo/room/Materials/room.uasset" 795
"D:/Unreal/Unreal_Projects/Cube/Content/Geo/room/Materials/room.uexp" 796
"D:/Unreal/Unreal_Projects/Cube/Content/Geo/room/4_defaultMaterial.uasset" 797
"D:/Unreal/Unreal_Projects/Cube/Content/Geo/room/4_defaultMaterial.uexp" 798
"D:/Unreal/Unreal_Projects/Cube/Content/Geo/room/Textures/8_hashira_normal.uasset" 799
"D:/Unreal/Unreal_Projects/Cube/Content/Geo/room/Textures/8_hashira_normal.uexp" 800
"D:/Unreal/Unreal_Projects/Cube/Content/Geo/room/Textures/8_hashira_normal.ubulk" 801
"D:/Unreal/Unreal_Projects/Cube/Content/Geo/room/Textures/7_hashira_metallicRoughness.uasset" 802
"D:/Unreal/Unreal_Projects/Cube/Content/Geo/room/Textures/7_hashira_metallicRoughness.uexp" 803
"D:/Unreal/Unreal_Projects/Cube/Content/Geo/room/Textures/7_hashira_metallicRoughness.ubulk" 804
"D:/Unreal/Unreal_Projects/Cube/Content/Geo/room/Textures/6_hashira_baseColor.uasset" 805
"D:/Unreal/Unreal_Projects/Cube/Content/Geo/room/Textures/6_hashira_baseColor.uexp" 806
"D:/Unreal/Unreal_Projects/Cube/Content/Geo/room/Textures/6_hashira_baseColor.ubulk" 807
"D:/Unreal/Unreal_Projects/Cube/Content/Geo/room/Materials/hashira.uasset" 808
"D:/Unreal/Unreal_Projects/Cube/Content/Geo/room/Materials/hashira.uexp" 809
"D:/Unreal/Unreal_Projects/Cube/Content/Geo/room/3_defaultMaterial.uasset" 810
"D:/Unreal/Unreal_Projects/Cube/Content/Geo/room/3_defaultMaterial.uexp" 811
"D:/Unreal/Unreal_Projects/Cube/Content/Geo/room/Textures/9_material_baseColor.uasset" 812
"D:/Unreal/Unreal_Projects/Cube/Content/Geo/room/Textures/9_material_baseColor.uexp" 813
"D:/Unreal/Unreal_Projects/Cube/Content/Geo/room/Textures/9_material_baseColor.ubulk" 814
"D:/Unreal/Unreal_Projects/Cube/Content/Geo/room/Textures/11_material_normal.uasset" 815
"D:/Unreal/Unreal_Projects/Cube/Content/Geo/room/Textures/11_material_normal.uexp" 816
"D:/Unreal/Unreal_Projects/Cube/Content/Geo/room/Textures/11_material_normal.ubulk" 817
"D:/Unreal/Unreal_Projects/Cube/Content/Geo/room/Textures/10_material_metallicRoughness.uasset" 818
"D:/Unreal/Unreal_Projects/Cube/Content/Geo/room/Textures/10_material_metallicRoughness.uexp" 819
"D:/Unreal/Unreal_Projects/Cube/Content/Geo/room/Textures/10_material_metallicRoughness.ubulk" 820
"D:/Unreal/Unreal_Projects/Cube/Content/Geo/room/Materials/material.uasset" 821
"D:/Unreal/Unreal_Projects/Cube/Content/Geo/room/Materials/material.uexp" 822
"D:/Unreal/Unreal_Projects/Cube/Content/Geo/room/2_defaultMaterial.uasset" 823
"D:/Unreal/Unreal_Projects/Cube/Content/Geo/room/2_defaultMaterial.uexp" 824
"D:/Unreal/Unreal_Projects/Cube/Content/Geo/room/Textures/14_kusa_normal.uasset" 825
"D:/Unreal/Unreal_Projects/Cube/Content/Geo/room/Textures/14_kusa_normal.uexp" 826
"D:/Unreal/Unreal_Projects/Cube/Content/Geo/room/Textures/14_kusa_normal.ubulk" 827
"D:/Unreal/Unreal_Projects/Cube/Content/Geo/room/Textures/13_kusa_metallicRoughness.uasset" 828
"D:/Unreal/Unreal_Projects/Cube/Content/Geo/room/Textures/13_kusa_metallicRoughness.uexp" 829
"D:/Unreal/Unreal_Projects/Cube/Content/Geo/room/Textures/13_kusa_metallicRoughness.ubulk" 830
"D:/Unreal/Unreal_Projects/Cube/Content/Geo/room/Textures/12_kusa_baseColor.uasset" 831
"D:/Unreal/Unreal_Projects/Cube/Content/Geo/room/Textures/12_kusa_baseColor.uexp" 832
"D:/Unreal/Unreal_Projects/Cube/Content/Geo/room/Textures/12_kusa_baseColor.ubulk" 833
"D:/Unreal/Unreal_Projects/Cube/Content/Geo/room/Materials/kusa.uasset" 834
"D:/Unreal/Unreal_Projects/Cube/Content/Geo/room/Materials/kusa.uexp" 835
"D:/Unreal/Unreal_Projects/Cube/Content/Geo/room/1_defaultMaterial.uasset" 836
"D:/Unreal/Unreal_Projects/Cube/Content/Geo/room/1_defaultMaterial.uexp" 837
"D:/Unreal/Unreal_Projects/Cube/Content/Geo/room/Textures/17_kobin_normal.uasset" 838
"D:/Unreal/Unreal_Projects/Cube/Content/Geo/room/Textures/17_kobin_normal.uexp" 839
"D:/Unreal/Unreal_Projects/Cube/Content/Geo/room/Textures/17_kobin_normal.ubulk" 840
"D:/Unreal/Unreal_Projects/Cube/Content/Geo/room/Textures/16_kobin_metallicRoughness.uasset" 841
"D:/Unreal/Unreal_Projects/Cube/Content/Geo/room/Textures/16_kobin_metallicRoughness.uexp" 842
"D:/Unreal/Unreal_Projects/Cube/Content/Geo/room/Textures/16_kobin_metallicRoughness.ubulk" 843
"D:/Unreal/Unreal_Projects/Cube/Content/Geo/room/Textures/15_kobin_baseColor.uasset" 844
"D:/Unreal/Unreal_Projects/Cube/Content/Geo/room/Textures/15_kobin_baseColor.uexp" 845
"D:/Unreal/Unreal_Projects/Cube/Content/Geo/room/Textures/15_kobin_baseColor.ubulk" 846
"D:/Unreal/Unreal_Projects/Cube/Content/Geo/room/Materials/kobin.uasset" 847
"D:/Unreal/Unreal_Projects/Cube/Content/Geo/room/Materials/kobin.uexp" 848
"D:/Unreal/Unreal_Projects/Cube/Content/Geo/room/0_defaultMaterial.uasset" 849
"D:/Unreal/Unreal_Projects/Cube/Content/Geo/room/0_defaultMaterial.uexp" 850
"D:/Unreal/Unreal_Projects/Cube/Content/Levels/Untitled.uexp" 851
"D:/Unreal/Unreal_Projects/Cube/Content/Levels/Untitled.umap" 852
"D:/Unreal/Unreal_Projects/Cube/Content/Levels/vincentmap2.uexp" 853
"D:/Unreal/Unreal_Projects/Cube/Content/Levels/vincentmap2.umap" 854
"D:/Unreal/Unreal_Projects/Cube/Content/Levels/TestLorensoMap_BuiltData.uasset" 855
"D:/Unreal/Unreal_Projects/Cube/Content/Levels/TestLorensoMap_BuiltData.uexp" 856
"D:/Unreal/Unreal_Projects/Cube/Content/Levels/TestLorensoMap.uexp" 857
"D:/Unreal/Unreal_Projects/Cube/Content/Levels/TestLorensoMap.umap" 858
"../../../Engine/Content/Maps/Entry_BuiltData.uasset" 859
"../../../Engine/Content/Maps/Entry_BuiltData.uexp" 860
"../../../Engine/Content/Maps/Entry.uexp" 861
"../../../Engine/Content/Maps/Entry.umap" 862
